[debug] [2020-04-06T16:03:12.069Z] ----------------------------------------------------------------------
[debug] [2020-04-06T16:03:12.076Z] Command:       C:\Program Files\nodejs\node.exe C:\Users\Areeb Shakeel\AppData\Roaming\npm\node_modules\firebase-tools\lib\bin\firebase.js init
[debug] [2020-04-06T16:03:12.078Z] CLI Version:   8.0.0
[debug] [2020-04-06T16:03:12.078Z] Platform:      win32
[debug] [2020-04-06T16:03:12.078Z] Node Version:  v11.8.0
[debug] [2020-04-06T16:03:12.081Z] Time:          Mon Apr 06 2020 21:03:12 GMT+0500 (Pakistan Standard Time)
[debug] [2020-04-06T16:03:12.081Z] ----------------------------------------------------------------------
[debug] [2020-04-06T16:03:12.081Z] 
[debug] [2020-04-06T16:03:12.186Z] > command requires scopes: ["email","openid","https://www.googleapis.com/auth/cloudplatformprojects.readonly","https://www.googleapis.com/auth/firebase","https://www.googleapis.com/auth/cloud-platform"]
[debug] [2020-04-06T16:03:12.187Z] > authorizing via signed-in user
[info] 
     ######## #### ########  ######## ########     ###     ######  ########
     ##        ##  ##     ## ##       ##     ##  ##   ##  ##       ##
     ######    ##  ########  ######   ########  #########  ######  ######
     ##        ##  ##    ##  ##       ##     ## ##     ##       ## ##
     ##       #### ##     ## ######## ########  ##     ##  ######  ########

You're about to initialize a Firebase project in this directory:

  D:\EXPERTIZO\REACT\App\q-app

Before we get started, keep in mind:

  * You are initializing in an existing Firebase project directory

